Traceback (most recent call last):
  File "/home/manon.marchand/miniconda3/envs/build-jupybook/lib/python3.10/site-packages/nbclient/client.py", line 730, in _async_poll_for_reply
    msg = await ensure_async(self.kc.shell_channel.get_msg(timeout=new_timeout))
  File "/home/manon.marchand/miniconda3/envs/build-jupybook/lib/python3.10/site-packages/nbclient/util.py", line 96, in ensure_async
    result = await obj
  File "/home/manon.marchand/miniconda3/envs/build-jupybook/lib/python3.10/site-packages/jupyter_client/channels.py", line 230, in get_msg
    raise Empty
_queue.Empty

During handling of the above exception, another exception occurred:

Traceback (most recent call last):
  File "/home/manon.marchand/miniconda3/envs/build-jupybook/lib/python3.10/site-packages/jupyter_cache/executors/utils.py", line 51, in single_nb_execution
    executenb(
  File "/home/manon.marchand/miniconda3/envs/build-jupybook/lib/python3.10/site-packages/nbclient/client.py", line 1204, in execute
    return NotebookClient(nb=nb, resources=resources, km=km, **kwargs).execute()
  File "/home/manon.marchand/miniconda3/envs/build-jupybook/lib/python3.10/site-packages/nbclient/util.py", line 84, in wrapped
    return just_run(coro(*args, **kwargs))
  File "/home/manon.marchand/miniconda3/envs/build-jupybook/lib/python3.10/site-packages/nbclient/util.py", line 62, in just_run
    return loop.run_until_complete(coro)
  File "/home/manon.marchand/miniconda3/envs/build-jupybook/lib/python3.10/asyncio/base_events.py", line 649, in run_until_complete
    return future.result()
  File "/home/manon.marchand/miniconda3/envs/build-jupybook/lib/python3.10/site-packages/nbclient/client.py", line 663, in async_execute
    await self.async_execute_cell(
  File "/home/manon.marchand/miniconda3/envs/build-jupybook/lib/python3.10/site-packages/nbclient/client.py", line 949, in async_execute_cell
    exec_reply = await self.task_poll_for_reply
  File "/home/manon.marchand/miniconda3/envs/build-jupybook/lib/python3.10/site-packages/nbclient/client.py", line 754, in _async_poll_for_reply
    await self._async_handle_timeout(timeout, cell)
  File "/home/manon.marchand/miniconda3/envs/build-jupybook/lib/python3.10/site-packages/nbclient/client.py", line 801, in _async_handle_timeout
    raise CellTimeoutError.error_from_timeout_and_cell(
nbclient.exceptions.CellTimeoutError: A cell timed out while it was being executed, after 30 seconds.
The message was: Cell execution timed out.
Here is a preview of the cell contents:
-------------------
xmatch_zbf_wise = XMatch.query(
    cat1="vizier:J/MNRAS/451/1307/HIIreg",
    cat2="vizier:II/328/allwise",
    max_distance=10 * u.arcsec,
    colRA1="RAJ2000",
    colDec1="DEJ2000",
    colRA2="RAJ2000",
    colDec2="DEJ2000",
)
xmatch_zbf_wise.show_in_notebook()
-------------------

