Traceback (most recent call last):
  File "/home/manon.marchand/miniconda3/envs/build-jupybook/lib/python3.10/site-packages/jupyter_cache/executors/utils.py", line 51, in single_nb_execution
    executenb(
  File "/home/manon.marchand/miniconda3/envs/build-jupybook/lib/python3.10/site-packages/nbclient/client.py", line 1204, in execute
    return NotebookClient(nb=nb, resources=resources, km=km, **kwargs).execute()
  File "/home/manon.marchand/miniconda3/envs/build-jupybook/lib/python3.10/site-packages/nbclient/util.py", line 84, in wrapped
    return just_run(coro(*args, **kwargs))
  File "/home/manon.marchand/miniconda3/envs/build-jupybook/lib/python3.10/site-packages/nbclient/util.py", line 62, in just_run
    return loop.run_until_complete(coro)
  File "/home/manon.marchand/miniconda3/envs/build-jupybook/lib/python3.10/asyncio/base_events.py", line 649, in run_until_complete
    return future.result()
  File "/home/manon.marchand/miniconda3/envs/build-jupybook/lib/python3.10/site-packages/nbclient/client.py", line 663, in async_execute
    await self.async_execute_cell(
  File "/home/manon.marchand/miniconda3/envs/build-jupybook/lib/python3.10/site-packages/nbclient/client.py", line 965, in async_execute_cell
    await self._check_raise_for_error(cell, cell_index, exec_reply)
  File "/home/manon.marchand/miniconda3/envs/build-jupybook/lib/python3.10/site-packages/nbclient/client.py", line 862, in _check_raise_for_error
    raise CellExecutionError.from_cell_and_msg(cell, exec_reply_content)
nbclient.exceptions.CellExecutionError: An error occurred while executing the following cell:
------------------
moc_sdss = cds.find_datasets(meta_data="ID=CDS/P/SDSS9/color", return_moc=True)
moc_galex = cds.find_datasets(meta_data="ID=CDS/P/GALEXGR6/AIS/color", return_moc=True)
------------------

[0;31m---------------------------------------------------------------------------[0m
[0;31mNameError[0m                                 Traceback (most recent call last)
Cell [0;32mIn [12], line 1[0m
[0;32m----> 1[0m moc_sdss [38;5;241m=[39m [43mcds[49m[38;5;241;43m.[39;49m[43mfind_datasets[49m[43m([49m[43mmeta_data[49m[38;5;241;43m=[39;49m[38;5;124;43m"[39;49m[38;5;124;43mID=CDS/P/SDSS9/color[39;49m[38;5;124;43m"[39;49m[43m,[49m[43m [49m[43mreturn_moc[49m[38;5;241;43m=[39;49m[38;5;28;43;01mTrue[39;49;00m[43m)[49m
[1;32m      2[0m moc_galex [38;5;241m=[39m cds[38;5;241m.[39mfind_datasets(meta_data[38;5;241m=[39m[38;5;124m"[39m[38;5;124mID=CDS/P/GALEXGR6/AIS/color[39m[38;5;124m"[39m, return_moc[38;5;241m=[39m[38;5;28;01mTrue[39;00m)

File [0;32m~/miniconda3/envs/build-jupybook/lib/python3.10/site-packages/astroquery/cds/core.py:182[0m, in [0;36mCdsClass.find_datasets[0;34m(self, meta_data, get_query_payload, verbose, **kwargs)[0m
[1;32m    179[0m [38;5;28;01mif[39;00m get_query_payload:
[1;32m    180[0m     [38;5;28;01mreturn[39;00m response
[0;32m--> 182[0m result [38;5;241m=[39m [38;5;28;43mself[39;49m[38;5;241;43m.[39;49m[43m_parse_result[49m[43m([49m[43mresponse[49m[43m,[49m[43m [49m[43mverbose[49m[43m)[49m
[1;32m    184[0m [38;5;28;01mreturn[39;00m result

File [0;32m~/miniconda3/envs/build-jupybook/lib/python3.10/site-packages/astroquery/cds/core.py:396[0m, in [0;36mCdsClass._parse_result[0;34m(self, response, verbose)[0m
[1;32m    393[0m         empty_order_removed_d[38;5;241m.[39mupdate({order: ipix_l})
[1;32m    395[0m [38;5;66;03m# return a `mocpy.MOC` object. See https://github.com/cds-astro/mocpy and the MOCPy's doc[39;00m
[0;32m--> 396[0m [38;5;28;01mreturn[39;00m [43mMOC[49m[38;5;241m.[39mfrom_json(empty_order_removed_d)

[0;31mNameError[0m: name 'MOC' is not defined
NameError: name 'MOC' is not defined

