Traceback (most recent call last):
  File "/home/manon.marchand/miniconda3/envs/build-jupybook/lib/python3.10/site-packages/jupyter_cache/executors/utils.py", line 58, in single_nb_execution
    executenb(
  File "/home/manon.marchand/miniconda3/envs/build-jupybook/lib/python3.10/site-packages/nbclient/client.py", line 1204, in execute
    return NotebookClient(nb=nb, resources=resources, km=km, **kwargs).execute()
  File "/home/manon.marchand/miniconda3/envs/build-jupybook/lib/python3.10/site-packages/nbclient/util.py", line 84, in wrapped
    return just_run(coro(*args, **kwargs))
  File "/home/manon.marchand/miniconda3/envs/build-jupybook/lib/python3.10/site-packages/nbclient/util.py", line 62, in just_run
    return loop.run_until_complete(coro)
  File "/home/manon.marchand/miniconda3/envs/build-jupybook/lib/python3.10/asyncio/base_events.py", line 649, in run_until_complete
    return future.result()
  File "/home/manon.marchand/miniconda3/envs/build-jupybook/lib/python3.10/site-packages/nbclient/client.py", line 663, in async_execute
    await self.async_execute_cell(
  File "/home/manon.marchand/miniconda3/envs/build-jupybook/lib/python3.10/site-packages/nbclient/client.py", line 965, in async_execute_cell
    await self._check_raise_for_error(cell, cell_index, exec_reply)
  File "/home/manon.marchand/miniconda3/envs/build-jupybook/lib/python3.10/site-packages/nbclient/client.py", line 862, in _check_raise_for_error
    raise CellExecutionError.from_cell_and_msg(cell, exec_reply_content)
nbclient.exceptions.CellExecutionError: An error occurred while executing the following cell:
------------------
coords = SkyCoord(
    ra=table_arplist["RAJ2000"],
    dec=table_arplist["DEJ2000"],
    unit=(u.deg, u.deg),
)
mask = moc_intersection.contains_skycoords(coords)
print(
    f"Among the {len(table_arplist)} peculiar galaxies, {len(table_arplist[mask])} are observed by both GALEX and SDSS!",
)
------------------

[0;31m---------------------------------------------------------------------------[0m
[0;31mAttributeError[0m                            Traceback (most recent call last)
Cell [0;32mIn[13], line 6[0m
[1;32m      1[0m coords [38;5;241m=[39m SkyCoord(
[1;32m      2[0m     ra[38;5;241m=[39mtable_arplist[[38;5;124m"[39m[38;5;124mRAJ2000[39m[38;5;124m"[39m],
[1;32m      3[0m     dec[38;5;241m=[39mtable_arplist[[38;5;124m"[39m[38;5;124mDEJ2000[39m[38;5;124m"[39m],
[1;32m      4[0m     unit[38;5;241m=[39m(u[38;5;241m.[39mdeg, u[38;5;241m.[39mdeg),
[1;32m      5[0m )
[0;32m----> 6[0m mask [38;5;241m=[39m [43mmoc_intersection[49m[38;5;241;43m.[39;49m[43mcontains_skycoords[49m(coords)
[1;32m      7[0m [38;5;28mprint[39m(
[1;32m      8[0m     [38;5;124mf[39m[38;5;124m"[39m[38;5;124mAmong the [39m[38;5;132;01m{[39;00m[38;5;28mlen[39m(table_arplist)[38;5;132;01m}[39;00m[38;5;124m peculiar galaxies, [39m[38;5;132;01m{[39;00m[38;5;28mlen[39m(table_arplist[mask])[38;5;132;01m}[39;00m[38;5;124m are observed by both GALEX and SDSS![39m[38;5;124m"[39m,
[1;32m      9[0m )

[0;31mAttributeError[0m: 'MOC' object has no attribute 'contains_skycoords'
AttributeError: 'MOC' object has no attribute 'contains_skycoords'

