Traceback (most recent call last):
  File "/home/manon.marchand/miniconda3/envs/build-jupybook/lib/python3.10/site-packages/jupyter_cache/executors/utils.py", line 51, in single_nb_execution
    executenb(
  File "/home/manon.marchand/miniconda3/envs/build-jupybook/lib/python3.10/site-packages/nbclient/client.py", line 1204, in execute
    return NotebookClient(nb=nb, resources=resources, km=km, **kwargs).execute()
  File "/home/manon.marchand/miniconda3/envs/build-jupybook/lib/python3.10/site-packages/nbclient/util.py", line 84, in wrapped
    return just_run(coro(*args, **kwargs))
  File "/home/manon.marchand/miniconda3/envs/build-jupybook/lib/python3.10/site-packages/nbclient/util.py", line 62, in just_run
    return loop.run_until_complete(coro)
  File "/home/manon.marchand/miniconda3/envs/build-jupybook/lib/python3.10/asyncio/base_events.py", line 649, in run_until_complete
    return future.result()
  File "/home/manon.marchand/miniconda3/envs/build-jupybook/lib/python3.10/site-packages/nbclient/client.py", line 663, in async_execute
    await self.async_execute_cell(
  File "/home/manon.marchand/miniconda3/envs/build-jupybook/lib/python3.10/site-packages/nbclient/client.py", line 965, in async_execute_cell
    await self._check_raise_for_error(cell, cell_index, exec_reply)
  File "/home/manon.marchand/miniconda3/envs/build-jupybook/lib/python3.10/site-packages/nbclient/client.py", line 862, in _check_raise_for_error
    raise CellExecutionError.from_cell_and_msg(cell, exec_reply_content)
nbclient.exceptions.CellExecutionError: An error occurred while executing the following cell:
------------------
# general python packages
import numpy as np
from scipy.optimize import curve_fit

# for visualisation
import ipyaladin.aladin_widget as ipyal
import matplotlib.pyplot as plt
import seaborn as sns

# to query astronomical databases
from astroquery.vizier import Vizier
from astroquery.xmatch import XMatch
from astroquery.simbad import Simbad
import pyvo

# libraries for handling astronomy data
from astropy import units as u
from astropy.io import fits
from astropy.table import vstack
from astropy.coordinates import SkyCoord
from specutils import Spectrum1D, SpectralRegion
import specutils.analysis as spec_ana

print("Ready to go :) ")
------------------

[0;31m---------------------------------------------------------------------------[0m
[0;31mModuleNotFoundError[0m                       Traceback (most recent call last)
Cell [0;32mIn [1], line 21[0m
[1;32m     19[0m [38;5;28;01mfrom[39;00m [38;5;21;01mastropy[39;00m[38;5;21;01m.[39;00m[38;5;21;01mtable[39;00m [38;5;28;01mimport[39;00m vstack
[1;32m     20[0m [38;5;28;01mfrom[39;00m [38;5;21;01mastropy[39;00m[38;5;21;01m.[39;00m[38;5;21;01mcoordinates[39;00m [38;5;28;01mimport[39;00m SkyCoord
[0;32m---> 21[0m [38;5;28;01mfrom[39;00m [38;5;21;01mspecutils[39;00m [38;5;28;01mimport[39;00m Spectrum1D, SpectralRegion
[1;32m     22[0m [38;5;28;01mimport[39;00m [38;5;21;01mspecutils[39;00m[38;5;21;01m.[39;00m[38;5;21;01manalysis[39;00m [38;5;28;01mas[39;00m [38;5;21;01mspec_ana[39;00m
[1;32m     24[0m [38;5;28mprint[39m([38;5;124m"[39m[38;5;124mReady to go :) [39m[38;5;124m"[39m)

[0;31mModuleNotFoundError[0m: No module named 'specutils'
ModuleNotFoundError: No module named 'specutils'

