Traceback (most recent call last):
  File "/home/manon.marchand/miniconda3/envs/build-jupybook/lib/python3.10/site-packages/jupyter_cache/executors/utils.py", line 51, in single_nb_execution
    executenb(
  File "/home/manon.marchand/miniconda3/envs/build-jupybook/lib/python3.10/site-packages/nbclient/client.py", line 1204, in execute
    return NotebookClient(nb=nb, resources=resources, km=km, **kwargs).execute()
  File "/home/manon.marchand/miniconda3/envs/build-jupybook/lib/python3.10/site-packages/nbclient/util.py", line 84, in wrapped
    return just_run(coro(*args, **kwargs))
  File "/home/manon.marchand/miniconda3/envs/build-jupybook/lib/python3.10/site-packages/nbclient/util.py", line 62, in just_run
    return loop.run_until_complete(coro)
  File "/home/manon.marchand/miniconda3/envs/build-jupybook/lib/python3.10/asyncio/base_events.py", line 649, in run_until_complete
    return future.result()
  File "/home/manon.marchand/miniconda3/envs/build-jupybook/lib/python3.10/site-packages/nbclient/client.py", line 663, in async_execute
    await self.async_execute_cell(
  File "/home/manon.marchand/miniconda3/envs/build-jupybook/lib/python3.10/site-packages/nbclient/client.py", line 965, in async_execute_cell
    await self._check_raise_for_error(cell, cell_index, exec_reply)
  File "/home/manon.marchand/miniconda3/envs/build-jupybook/lib/python3.10/site-packages/nbclient/client.py", line 862, in _check_raise_for_error
    raise CellExecutionError.from_cell_and_msg(cell, exec_reply_content)
nbclient.exceptions.CellExecutionError: An error occurred while executing the following cell:
------------------
mass_psc.write("Data/2MASS_PSC.vot", format="votable", overwrite=True)
sdss_results[0].write("Data/SDSS_DR9.vot", format="votable", overwrite=True)
------------------

[0;31m---------------------------------------------------------------------------[0m
[0;31mKeyboardInterrupt[0m                         Traceback (most recent call last)
Cell [0;32mIn [9], line 2[0m
[1;32m      1[0m mass_psc[38;5;241m.[39mwrite([38;5;124m"[39m[38;5;124mData/2MASS_PSC.vot[39m[38;5;124m"[39m, [38;5;28mformat[39m[38;5;241m=[39m[38;5;124m"[39m[38;5;124mvotable[39m[38;5;124m"[39m, overwrite[38;5;241m=[39m[38;5;28;01mTrue[39;00m)
[0;32m----> 2[0m [43msdss_results[49m[43m[[49m[38;5;241;43m0[39;49m[43m][49m[38;5;241;43m.[39;49m[43mwrite[49m[43m([49m[38;5;124;43m"[39;49m[38;5;124;43mData/SDSS_DR9.vot[39;49m[38;5;124;43m"[39;49m[43m,[49m[43m [49m[38;5;28;43mformat[39;49m[38;5;241;43m=[39;49m[38;5;124;43m"[39;49m[38;5;124;43mvotable[39;49m[38;5;124;43m"[39;49m[43m,[49m[43m [49m[43moverwrite[49m[38;5;241;43m=[39;49m[38;5;28;43;01mTrue[39;49;00m[43m)[49m

File [0;32m~/miniconda3/envs/build-jupybook/lib/python3.10/site-packages/astropy/table/connect.py:129[0m, in [0;36mTableWrite.__call__[0;34m(self, serialize_method, *args, **kwargs)[0m
[1;32m    127[0m instance [38;5;241m=[39m [38;5;28mself[39m[38;5;241m.[39m_instance
[1;32m    128[0m [38;5;28;01mwith[39;00m serialize_method_as(instance, serialize_method):
[0;32m--> 129[0m     [38;5;28;43mself[39;49m[38;5;241;43m.[39;49m[43mregistry[49m[38;5;241;43m.[39;49m[43mwrite[49m[43m([49m[43minstance[49m[43m,[49m[43m [49m[38;5;241;43m*[39;49m[43margs[49m[43m,[49m[43m [49m[38;5;241;43m*[39;49m[38;5;241;43m*[39;49m[43mkwargs[49m[43m)[49m

File [0;32m~/miniconda3/envs/build-jupybook/lib/python3.10/site-packages/astropy/io/registry/core.py:369[0m, in [0;36mUnifiedOutputRegistry.write[0;34m(self, data, format, *args, **kwargs)[0m
[1;32m    365[0m     [38;5;28mformat[39m [38;5;241m=[39m [38;5;28mself[39m[38;5;241m.[39m_get_valid_format(
[1;32m    366[0m         [38;5;124m'[39m[38;5;124mwrite[39m[38;5;124m'[39m, data[38;5;241m.[39m[38;5;18m__class__[39m, path, fileobj, args, kwargs)
[1;32m    368[0m writer [38;5;241m=[39m [38;5;28mself[39m[38;5;241m.[39mget_writer([38;5;28mformat[39m, data[38;5;241m.[39m[38;5;18m__class__[39m)
[0;32m--> 369[0m [38;5;28;01mreturn[39;00m [43mwriter[49m[43m([49m[43mdata[49m[43m,[49m[43m [49m[38;5;241;43m*[39;49m[43margs[49m[43m,[49m[43m [49m[38;5;241;43m*[39;49m[38;5;241;43m*[39;49m[43mkwargs[49m[43m)[49m

File [0;32m~/miniconda3/envs/build-jupybook/lib/python3.10/site-packages/astropy/io/votable/connect.py:174[0m, in [0;36mwrite_table_votable[0;34m(input, output, table_id, overwrite, tabledata_format)[0m
[1;32m    171[0m table_file [38;5;241m=[39m from_table([38;5;28minput[39m, table_id[38;5;241m=[39mtable_id)
[1;32m    173[0m [38;5;66;03m# Write out file[39;00m
[0;32m--> 174[0m [43mtable_file[49m[38;5;241;43m.[39;49m[43mto_xml[49m[43m([49m[43moutput[49m[43m,[49m[43m [49m[43mtabledata_format[49m[38;5;241;43m=[39;49m[43mtabledata_format[49m[43m)[49m

File [0;32m~/miniconda3/envs/build-jupybook/lib/python3.10/site-packages/astropy/io/votable/tree.py:3699[0m, in [0;36mVOTableFile.to_xml[0;34m(self, fd, compressed, tabledata_format, _debug_python_based_parser, _astropy_version)[0m
[1;32m   3697[0m [38;5;28;01mfor[39;00m element_set [38;5;129;01min[39;00m element_sets:
[1;32m   3698[0m     [38;5;28;01mfor[39;00m element [38;5;129;01min[39;00m element_set:
[0;32m-> 3699[0m         [43melement[49m[38;5;241;43m.[39;49m[43mto_xml[49m[43m([49m[43mw[49m[43m,[49m[43m [49m[38;5;241;43m*[39;49m[38;5;241;43m*[39;49m[43mkwargs[49m[43m)[49m

File [0;32m~/miniconda3/envs/build-jupybook/lib/python3.10/site-packages/astropy/io/votable/tree.py:3315[0m, in [0;36mResource.to_xml[0;34m(self, w, **kwargs)[0m
[1;32m   3311[0m [38;5;28;01mfor[39;00m element_set [38;5;129;01min[39;00m ([38;5;28mself[39m[38;5;241m.[39mcoordinate_systems, [38;5;28mself[39m[38;5;241m.[39mtime_systems,
[1;32m   3312[0m                     [38;5;28mself[39m[38;5;241m.[39mparams, [38;5;28mself[39m[38;5;241m.[39minfos, [38;5;28mself[39m[38;5;241m.[39mlinks,
[1;32m   3313[0m                     [38;5;28mself[39m[38;5;241m.[39mtables, [38;5;28mself[39m[38;5;241m.[39mresources):
[1;32m   3314[0m     [38;5;28;01mfor[39;00m element [38;5;129;01min[39;00m element_set:
[0;32m-> 3315[0m         [43melement[49m[38;5;241;43m.[39;49m[43mto_xml[49m[43m([49m[43mw[49m[43m,[49m[43m [49m[38;5;241;43m*[39;49m[38;5;241;43m*[39;49m[43mkwargs[49m[43m)[49m

File [0;32m~/miniconda3/envs/build-jupybook/lib/python3.10/site-packages/astropy/io/votable/tree.py:2870[0m, in [0;36mTable.to_xml[0;34m(self, w, **kwargs)[0m
[1;32m   2868[0m [38;5;28;01mwith[39;00m w[38;5;241m.[39mtag([38;5;124m'[39m[38;5;124mDATA[39m[38;5;124m'[39m):
[1;32m   2869[0m     [38;5;28;01mif[39;00m [38;5;28mformat[39m [38;5;241m==[39m [38;5;124m'[39m[38;5;124mtabledata[39m[38;5;124m'[39m:
[0;32m-> 2870[0m         [38;5;28;43mself[39;49m[38;5;241;43m.[39;49m[43m_write_tabledata[49m[43m([49m[43mw[49m[43m,[49m[43m [49m[38;5;241;43m*[39;49m[38;5;241;43m*[39;49m[43mkwargs[49m[43m)[49m
[1;32m   2871[0m     [38;5;28;01melif[39;00m [38;5;28mformat[39m [38;5;241m==[39m [38;5;124m'[39m[38;5;124mbinary[39m[38;5;124m'[39m:
[1;32m   2872[0m         [38;5;28mself[39m[38;5;241m.[39m_write_binary([38;5;241m1[39m, w, [38;5;241m*[39m[38;5;241m*[39mkwargs)

File [0;32m~/miniconda3/envs/build-jupybook/lib/python3.10/site-packages/astropy/io/votable/tree.py:2893[0m, in [0;36mTable._write_tabledata[0;34m(self, w, **kwargs)[0m
[1;32m   2891[0m     fields [38;5;241m=[39m [field[38;5;241m.[39mconverter[38;5;241m.[39moutput [38;5;28;01mfor[39;00m field [38;5;129;01min[39;00m fields]
[1;32m   2892[0m     indent [38;5;241m=[39m [38;5;28mlen[39m(w[38;5;241m.[39m_tags) [38;5;241m-[39m [38;5;241m1[39m
[0;32m-> 2893[0m     [43mtablewriter[49m[38;5;241;43m.[39;49m[43mwrite_tabledata[49m[43m([49m
[1;32m   2894[0m [43m        [49m[43mw[49m[38;5;241;43m.[39;49m[43mwrite[49m[43m,[49m[43m [49m[43marray[49m[38;5;241;43m.[39;49m[43mdata[49m[43m,[49m[43m [49m[43marray[49m[38;5;241;43m.[39;49m[43mmask[49m[43m,[49m[43m [49m[43mfields[49m[43m,[49m
[1;32m   2895[0m [43m        [49m[43msupports_empty_values[49m[43m,[49m[43m [49m[43mindent[49m[43m,[49m[43m [49m[38;5;241;43m1[39;49m[43m [49m[38;5;241;43m<<[39;49m[43m [49m[38;5;241;43m8[39;49m[43m)[49m
[1;32m   2896[0m [38;5;28;01melse[39;00m:
[1;32m   2897[0m     write [38;5;241m=[39m w[38;5;241m.[39mwrite

File [0;32m<__array_function__ internals>:180[0m, in [0;36mall[0;34m(*args, **kwargs)[0m

File [0;32m~/miniconda3/envs/build-jupybook/lib/python3.10/site-packages/numpy/core/fromnumeric.py:2489[0m, in [0;36mall[0;34m(a, axis, out, keepdims, where)[0m
[1;32m   2406[0m [38;5;129m@array_function_dispatch[39m(_all_dispatcher)
[1;32m   2407[0m [38;5;28;01mdef[39;00m [38;5;21mall[39m(a, axis[38;5;241m=[39m[38;5;28;01mNone[39;00m, out[38;5;241m=[39m[38;5;28;01mNone[39;00m, keepdims[38;5;241m=[39mnp[38;5;241m.[39m_NoValue, [38;5;241m*[39m, where[38;5;241m=[39mnp[38;5;241m.[39m_NoValue):
[1;32m   2408[0m     [38;5;124;03m"""[39;00m
[1;32m   2409[0m [38;5;124;03m    Test whether all array elements along a given axis evaluate to True.[39;00m
[1;32m   2410[0m 
[0;32m   (...)[0m
[1;32m   2487[0m 
[1;32m   2488[0m [38;5;124;03m    """[39;00m
[0;32m-> 2489[0m     [38;5;28;01mreturn[39;00m [43m_wrapreduction[49m[43m([49m[43ma[49m[43m,[49m[43m [49m[43mnp[49m[38;5;241;43m.[39;49m[43mlogical_and[49m[43m,[49m[43m [49m[38;5;124;43m'[39;49m[38;5;124;43mall[39;49m[38;5;124;43m'[39;49m[43m,[49m[43m [49m[43maxis[49m[43m,[49m[43m [49m[38;5;28;43;01mNone[39;49;00m[43m,[49m[43m [49m[43mout[49m[43m,[49m
[1;32m   2490[0m [43m                          [49m[43mkeepdims[49m[38;5;241;43m=[39;49m[43mkeepdims[49m[43m,[49m[43m [49m[43mwhere[49m[38;5;241;43m=[39;49m[43mwhere[49m[43m)[49m

File [0;32m~/miniconda3/envs/build-jupybook/lib/python3.10/site-packages/numpy/core/fromnumeric.py:69[0m, in [0;36m_wrapreduction[0;34m(obj, ufunc, method, axis, dtype, out, **kwargs)[0m
[1;32m     58[0m     [38;5;28;01mexcept[39;00m [38;5;167;01mTypeError[39;00m:
[1;32m     59[0m         [38;5;66;03m# A TypeError occurs if the object does have such a method in its[39;00m
[1;32m     60[0m         [38;5;66;03m# class, but its signature is not identical to that of NumPy's. This[39;00m
[0;32m   (...)[0m
[1;32m     64[0m         [38;5;66;03m# Call _wrapit from within the except clause to ensure a potential[39;00m
[1;32m     65[0m         [38;5;66;03m# exception has a traceback chain.[39;00m
[1;32m     66[0m         [38;5;28;01mreturn[39;00m _wrapit(obj, method, [38;5;241m*[39margs, [38;5;241m*[39m[38;5;241m*[39mkwds)
[0;32m---> 69[0m [38;5;28;01mdef[39;00m [38;5;21m_wrapreduction[39m(obj, ufunc, method, axis, dtype, out, [38;5;241m*[39m[38;5;241m*[39mkwargs):
[1;32m     70[0m     passkwargs [38;5;241m=[39m {k: v [38;5;28;01mfor[39;00m k, v [38;5;129;01min[39;00m kwargs[38;5;241m.[39mitems()
[1;32m     71[0m                   [38;5;28;01mif[39;00m v [38;5;129;01mis[39;00m [38;5;129;01mnot[39;00m np[38;5;241m.[39m_NoValue}
[1;32m     73[0m     [38;5;28;01mif[39;00m [38;5;28mtype[39m(obj) [38;5;129;01mis[39;00m [38;5;129;01mnot[39;00m mu[38;5;241m.[39mndarray:

[0;31mKeyboardInterrupt[0m: 
KeyboardInterrupt: 

