Traceback (most recent call last):
  File "/home/manon.marchand/miniconda3/envs/build-jupybook/lib/python3.10/site-packages/jupyter_cache/executors/utils.py", line 51, in single_nb_execution
    executenb(
  File "/home/manon.marchand/miniconda3/envs/build-jupybook/lib/python3.10/site-packages/nbclient/client.py", line 1204, in execute
    return NotebookClient(nb=nb, resources=resources, km=km, **kwargs).execute()
  File "/home/manon.marchand/miniconda3/envs/build-jupybook/lib/python3.10/site-packages/nbclient/util.py", line 84, in wrapped
    return just_run(coro(*args, **kwargs))
  File "/home/manon.marchand/miniconda3/envs/build-jupybook/lib/python3.10/site-packages/nbclient/util.py", line 62, in just_run
    return loop.run_until_complete(coro)
  File "/home/manon.marchand/miniconda3/envs/build-jupybook/lib/python3.10/asyncio/base_events.py", line 649, in run_until_complete
    return future.result()
  File "/home/manon.marchand/miniconda3/envs/build-jupybook/lib/python3.10/site-packages/nbclient/client.py", line 663, in async_execute
    await self.async_execute_cell(
  File "/home/manon.marchand/miniconda3/envs/build-jupybook/lib/python3.10/site-packages/nbclient/client.py", line 965, in async_execute_cell
    await self._check_raise_for_error(cell, cell_index, exec_reply)
  File "/home/manon.marchand/miniconda3/envs/build-jupybook/lib/python3.10/site-packages/nbclient/client.py", line 862, in _check_raise_for_error
    raise CellExecutionError.from_cell_and_msg(cell, exec_reply_content)
nbclient.exceptions.CellExecutionError: An error occurred while executing the following cell:
------------------
# We generate the coordinates in the appropriate format
twomass_coord = SkyCoord(ra=twomass["RAJ2000"], dec=twomass["DEJ2000"], unit=u.deg)
gaia_coord = SkyCoord(ra=gaia["ra_epoch2000"], dec=gaia["dec_epoch2000"], unit=u.deg)

index, separation_2d, _ = match_coordinates_sky(twomass_coord, gaia_coord)
------------------

[0;31m---------------------------------------------------------------------------[0m
[0;31mModuleNotFoundError[0m                       Traceback (most recent call last)
Cell [0;32mIn [30], line 5[0m
[1;32m      2[0m twomass_coord [38;5;241m=[39m SkyCoord(ra[38;5;241m=[39mtwomass[[38;5;124m"[39m[38;5;124mRAJ2000[39m[38;5;124m"[39m], dec[38;5;241m=[39mtwomass[[38;5;124m"[39m[38;5;124mDEJ2000[39m[38;5;124m"[39m], unit[38;5;241m=[39mu[38;5;241m.[39mdeg)
[1;32m      3[0m gaia_coord [38;5;241m=[39m SkyCoord(ra[38;5;241m=[39mgaia[[38;5;124m"[39m[38;5;124mra_epoch2000[39m[38;5;124m"[39m], dec[38;5;241m=[39mgaia[[38;5;124m"[39m[38;5;124mdec_epoch2000[39m[38;5;124m"[39m], unit[38;5;241m=[39mu[38;5;241m.[39mdeg)
[0;32m----> 5[0m index, separation_2d, _ [38;5;241m=[39m [43mmatch_coordinates_sky[49m[43m([49m[43mtwomass_coord[49m[43m,[49m[43m [49m[43mgaia_coord[49m[43m)[49m

File [0;32m~/miniconda3/envs/build-jupybook/lib/python3.10/site-packages/astropy/coordinates/matching.py:164[0m, in [0;36mmatch_coordinates_sky[0;34m(matchcoord, catalogcoord, nthneighbor, storekdtree)[0m
[1;32m    159[0m [38;5;66;03m# Check for a stored KD-tree on the passed-in coordinate. Normally it will[39;00m
[1;32m    160[0m [38;5;66;03m# have a distinct name from the "3D" one, so it's safe to use even though[39;00m
[1;32m    161[0m [38;5;66;03m# it's based on UnitSphericalRepresentation.[39;00m
[1;32m    162[0m storekdtree [38;5;241m=[39m catalogcoord[38;5;241m.[39mcache[38;5;241m.[39mget(storekdtree, storekdtree)
[0;32m--> 164[0m idx, sep2d, sep3d [38;5;241m=[39m [43mmatch_coordinates_3d[49m[43m([49m[43mnewmatch_u[49m[43m,[49m[43m [49m[43mnewcat_u[49m[43m,[49m[43m [49m[43mnthneighbor[49m[43m,[49m[43m [49m[43mstorekdtree[49m[43m)[49m
[1;32m    165[0m [38;5;66;03m# sep3d is *wrong* above, because the distance information was removed,[39;00m
[1;32m    166[0m [38;5;66;03m# unless one of the catalogs doesn't have a real distance[39;00m
[1;32m    167[0m [38;5;28;01mif[39;00m [38;5;129;01mnot[39;00m ([38;5;28misinstance[39m(catalogcoord[38;5;241m.[39mdata, UnitSphericalRepresentation) [38;5;129;01mor[39;00m
[1;32m    168[0m         [38;5;28misinstance[39m(newmatch[38;5;241m.[39mdata, UnitSphericalRepresentation)):

File [0;32m~/miniconda3/envs/build-jupybook/lib/python3.10/site-packages/astropy/coordinates/matching.py:68[0m, in [0;36mmatch_coordinates_3d[0;34m(matchcoord, catalogcoord, nthneighbor, storekdtree)[0m
[1;32m     64[0m [38;5;28;01mif[39;00m catalogcoord[38;5;241m.[39misscalar [38;5;129;01mor[39;00m [38;5;28mlen[39m(catalogcoord) [38;5;241m<[39m [38;5;241m1[39m:
[1;32m     65[0m     [38;5;28;01mraise[39;00m [38;5;167;01mValueError[39;00m([38;5;124m'[39m[38;5;124mThe catalog for coordinate matching cannot be a [39m[38;5;124m'[39m
[1;32m     66[0m                      [38;5;124m'[39m[38;5;124mscalar or length-0.[39m[38;5;124m'[39m)
[0;32m---> 68[0m kdt [38;5;241m=[39m [43m_get_cartesian_kdtree[49m[43m([49m[43mcatalogcoord[49m[43m,[49m[43m [49m[43mstorekdtree[49m[43m)[49m
[1;32m     70[0m [38;5;66;03m# make sure coordinate systems match[39;00m
[1;32m     71[0m [38;5;28;01mif[39;00m [38;5;28misinstance[39m(matchcoord, SkyCoord):

File [0;32m~/miniconda3/envs/build-jupybook/lib/python3.10/site-packages/astropy/coordinates/matching.py:438[0m, in [0;36m_get_cartesian_kdtree[0;34m(coord, attrname_or_kdt, forceunit)[0m
[1;32m    435[0m [38;5;28;01mfrom[39;00m [38;5;21;01mwarnings[39;00m [38;5;28;01mimport[39;00m warn
[1;32m    437[0m [38;5;66;03m# without scipy this will immediately fail[39;00m
[0;32m--> 438[0m [38;5;28;01mfrom[39;00m [38;5;21;01mscipy[39;00m [38;5;28;01mimport[39;00m spatial
[1;32m    439[0m [38;5;28;01mtry[39;00m:
[1;32m    440[0m     KDTree [38;5;241m=[39m spatial[38;5;241m.[39mcKDTree

[0;31mModuleNotFoundError[0m: No module named 'scipy'
ModuleNotFoundError: No module named 'scipy'

