Traceback (most recent call last):
  File "/home/manon.marchand/miniconda3/envs/build-jupybook/lib/python3.10/site-packages/jupyter_cache/executors/utils.py", line 51, in single_nb_execution
    executenb(
  File "/home/manon.marchand/miniconda3/envs/build-jupybook/lib/python3.10/site-packages/nbclient/client.py", line 1204, in execute
    return NotebookClient(nb=nb, resources=resources, km=km, **kwargs).execute()
  File "/home/manon.marchand/miniconda3/envs/build-jupybook/lib/python3.10/site-packages/nbclient/util.py", line 84, in wrapped
    return just_run(coro(*args, **kwargs))
  File "/home/manon.marchand/miniconda3/envs/build-jupybook/lib/python3.10/site-packages/nbclient/util.py", line 62, in just_run
    return loop.run_until_complete(coro)
  File "/home/manon.marchand/miniconda3/envs/build-jupybook/lib/python3.10/asyncio/base_events.py", line 649, in run_until_complete
    return future.result()
  File "/home/manon.marchand/miniconda3/envs/build-jupybook/lib/python3.10/site-packages/nbclient/client.py", line 663, in async_execute
    await self.async_execute_cell(
  File "/home/manon.marchand/miniconda3/envs/build-jupybook/lib/python3.10/site-packages/nbclient/client.py", line 965, in async_execute_cell
    await self._check_raise_for_error(cell, cell_index, exec_reply)
  File "/home/manon.marchand/miniconda3/envs/build-jupybook/lib/python3.10/site-packages/nbclient/client.py", line 862, in _check_raise_for_error
    raise CellExecutionError.from_cell_and_msg(cell, exec_reply_content)
nbclient.exceptions.CellExecutionError: An error occurred while executing the following cell:
------------------
# General use python packages
from pathlib import Path
from datetime import timedelta
import numpy as np
from IPython import display

# Healpix and MOC packages
from mocpy import MOC, STMOC
from cdshealpix import healpix_to_skycoord

# Common astronomy packages
import astropy.units as u
from astropy.time import Time
from astropy.table import QTable
from astropy.utils.data import download_file
from astropy.io import fits

# Visualisation widget
import ipyaladin as ipyal

# Library to bluid observation plan
from astroplan import Observer

# Communication between this notebook and other astro softwares
from astropy.samp import SAMPIntegratedClient, SAMPHubError
------------------

[0;31m---------------------------------------------------------------------------[0m
[0;31mModuleNotFoundError[0m                       Traceback (most recent call last)
Cell [0;32mIn [1], line 22[0m
[1;32m     19[0m [38;5;28;01mimport[39;00m [38;5;21;01mipyaladin[39;00m [38;5;28;01mas[39;00m [38;5;21;01mipyal[39;00m
[1;32m     21[0m [38;5;66;03m# Library to bluid observation plan[39;00m
[0;32m---> 22[0m [38;5;28;01mfrom[39;00m [38;5;21;01mastroplan[39;00m [38;5;28;01mimport[39;00m Observer
[1;32m     24[0m [38;5;66;03m# Communication between this notebook and other astro softwares[39;00m
[1;32m     25[0m [38;5;28;01mfrom[39;00m [38;5;21;01mastropy[39;00m[38;5;21;01m.[39;00m[38;5;21;01msamp[39;00m [38;5;28;01mimport[39;00m SAMPIntegratedClient, SAMPHubError

[0;31mModuleNotFoundError[0m: No module named 'astroplan'
ModuleNotFoundError: No module named 'astroplan'

